11:52:14.778 [Worker-6] INFO  org.coocox.codb.common.log.ErrorLog - [C:/CooCox/CoIDE/bin\fossil.exe,clone,-A,admin,http://admin:c49314@data.coocox.org:9090/cgi-bin/repo/e1526357-75fc-4c7a-8867-87bf24b205dc,C:/CooCox/CoIDE/repo\.rn\fossils\e1526357-75fc-4c7a-8867-87bf24b205dc.fossil] executed OK 
Bytes      Cards  Artifacts     Deltas
Sent:              53          1          0          0
waiting for server...
processed: 1%         
processed: 7%         
processed: 9%         
processed: 19%         
processed: 21%         
processed: 22%         
processed: 24%         
processed: 83%         
processed: 85%         
processed: 95%         
processed: 98%         
Received:        2808         13          5          0
Sent:              58          2          0          0
waiting for server...
processed: 3%         
Received:         634          2          0          0
Total network traffic: 643 bytes sent, 3650 bytes received
Rebuilding repository meta-data...
  0.0% complete...
  20.0% complete...
  40.0% complete...
  60.0% complete...
  80.0% complete...
  100.0% complete...
project-id: a520940b9e562245e13c3a4ec4bd26f35779444e
server-id:  8e5e8d24d293753b2459c2de8de90d624c13c5ca
admin-user: admin (password is "377a21")

11:52:15.673 [Worker-6] INFO  org.coocox.codb.common.log.ErrorLog - [C:/CooCox/CoIDE/bin\fossil.exe,open,C:/CooCox/CoIDE/repo\.rn\fossils\e1526357-75fc-4c7a-8867-87bf24b205dc.fossil,-latest] executed OK 
doc/description.html
doc/docInfo.dat
src/example/USART_Print.c
project-name: <unnamed>
repository:   C:/CooCox/CoIDE/repo\.rn\fossils\e1526357-75fc-4c7a-8867-87bf24b205dc.fossil
local-root:   C:/CooCox/CoIDE/repo/Examples/977_USART_Printf/
user-home:    C:/Users/Administrator/AppData/Local
project-code: a520940b9e562245e13c3a4ec4bd26f35779444e
checkout:     15742d882bc7adf9e7590396676721f1be5c1a07 2013-11-13 01:26:08 UTC
parent:       b17add6ce449617f72fc052faaab28d25b950f1b 2013-11-13 01:24:21 UTC
tags:         trunk
comment:      commit the example sourceCode (user: admin)

11:52:15.754 [Worker-6] INFO  org.coocox.codb.common.log.ErrorLog - [C:/CooCox/CoIDE/bin\fossil.exe,close,-force] executed OK 
doc/description.html
doc/docInfo.dat
src/example/USART_Print.c
project-name: <unnamed>
repository:   C:/CooCox/CoIDE/repo\.rn\fossils\e1526357-75fc-4c7a-8867-87bf24b205dc.fossil
local-root:   C:/CooCox/CoIDE/repo/Examples/977_USART_Printf/
user-home:    C:/Users/Administrator/AppData/Local
project-code: a520940b9e562245e13c3a4ec4bd26f35779444e
checkout:     15742d882bc7adf9e7590396676721f1be5c1a07 2013-11-13 01:26:08 UTC
parent:       b17add6ce449617f72fc052faaab28d25b950f1b 2013-11-13 01:24:21 UTC
tags:         trunk
comment:      commit the example sourceCode (user: admin)

11:52:20.016 [Worker-6] INFO  org.coocox.codb.common.log.ErrorLog - [C:/CooCox/CoIDE/bin\fossil.exe,clone,-A,admin,http://admin:c6662b@data.coocox.org:9090/cgi-bin/repo/8d3d771d-eb55-4147-be5a-166a8bcab1d2,C:/CooCox/CoIDE/repo\.rn\fossils\8d3d771d-eb55-4147-be5a-166a8bcab1d2.fossil] executed OK 
Bytes      Cards  Artifacts     Deltas
Sent:              53          1          0          0
waiting for server...
processed: 1%         
processed: 6%         
processed: 8%         
processed: 12%         
processed: 14%         
processed: 15%         
processed: 17%         
processed: 85%         
processed: 87%         
processed: 95%         
processed: 96%         
processed: 99%         
Received:        3236         13          5          0
Sent:              58          2          0          0
waiting for server...
processed: 3%         
Received:         634          2          0          0
Total network traffic: 643 bytes sent, 4077 bytes received
Rebuilding repository meta-data...
  0.0% complete...
  20.0% complete...
  40.0% complete...
  60.0% complete...
  80.0% complete...
  100.0% complete...
project-id: e63cfa01ccfe755fcb6a4669e9db4147c04bc1ea
server-id:  69770f3cdee0036228014b3b12254b4602c594f6
admin-user: admin (password is "12b8ec")

11:52:21.010 [Worker-6] INFO  org.coocox.codb.common.log.ErrorLog - [C:/CooCox/CoIDE/bin\fossil.exe,open,C:/CooCox/CoIDE/repo\.rn\fossils\8d3d771d-eb55-4147-be5a-166a8bcab1d2.fossil,-latest] executed OK 
doc/description.html
doc/docInfo.dat
src/example/usart_rxtx.c
project-name: <unnamed>
repository:   C:/CooCox/CoIDE/repo\.rn\fossils\8d3d771d-eb55-4147-be5a-166a8bcab1d2.fossil
local-root:   C:/CooCox/CoIDE/repo/Examples/978_USART_RxTx/
user-home:    C:/Users/Administrator/AppData/Local
project-code: e63cfa01ccfe755fcb6a4669e9db4147c04bc1ea
checkout:     15a48c46affacfb5df16986cbeda87d2fb910be7 2013-11-13 01:30:23 UTC
parent:       b10fc3236927f126ac0f928d453b28ba37605aa0 2013-11-13 01:28:36 UTC
tags:         trunk
comment:      commit the example sourceCode (user: admin)

11:52:21.032 [Worker-6] INFO  org.coocox.codb.common.log.ErrorLog - [C:/CooCox/CoIDE/bin\fossil.exe,close,-force] executed OK 


11:52:22.192 [Worker-6] INFO  org.coocox.codb.common.log.ProcessTimeLog - 47`458`freshExamplesByCompId`12769
